#
# There is insufficient memory for the Java Runtime Environment to continue.
# Native memory allocation (mmap) failed to map 111149056 bytes for committing reserved memory.
# Possible reasons:
#   The system is out of physical RAM or swap space
#   In 32 bit mode, the process size limit was hit
# Possible solutions:
#   Reduce memory load on the system
#   Increase physical memory or swap space
#   Check if swap backing store is full
#   Use 64 bit Java on a 64 bit OS
#   Decrease Java heap size (-Xmx/-Xms)
#   Decrease number of Java threads
#   Decrease Java thread stack sizes (-Xss)
#   Set larger code cache with -XX:ReservedCodeCacheSize=
# This output file may be truncated or incomplete.
#
#  Out of Memory Error (os_linux.cpp:2627), pid=12935, tid=0x00007f46d9dfd700
#
# JRE version: OpenJDK Runtime Environment (8.0_102-b14) (build 1.8.0_102-b14)
# Java VM: OpenJDK 64-Bit Server VM (25.102-b14 mixed mode linux-amd64 compressed oops)
# Core dump written. Default location: /home/mihail/AndroidStudioProjects/Showtime2/app/core or core.12935
#

---------------  T H R E A D  ---------------

Current thread (0x00007f46f0076000):  VMThread [stack: 0x00007f46d9cfd000,0x00007f46d9dfe000] [id=12945]

Stack: [0x00007f46d9cfd000,0x00007f46d9dfe000],  sp=0x00007f46d9dfc4b0,  free space=1021k
Native frames: (J=compiled Java code, j=interpreted, Vv=VM code, C=native code)
V  [libjvm.so+0xa63e00]
V  [libjvm.so+0x4c505c]
V  [libjvm.so+0x8b4210]
V  [libjvm.so+0x8ae94e]
V  [libjvm.so+0x928c5e]
V  [libjvm.so+0x929fe3]
V  [libjvm.so+0x926633]
V  [libjvm.so+0x9268dc]
V  [libjvm.so+0x8d83f3]
V  [libjvm.so+0xa65a12]
V  [libjvm.so+0xa6aa37]
V  [libjvm.so+0xa682c6]
V  [libjvm.so+0xa69646]
V  [libjvm.so+0xa69b41]
V  [libjvm.so+0x8b17d2]

VM_Operation (0x00007f46d8f56c70): ParallelGCFailedAllocation, mode: safepoint, requested by thread 0x00007f46f0138000


---------------  P R O C E S S  ---------------

Java Threads: ( => current thread )
  0x00007f46f0138000 JavaThread "pool-2-thread-4" [_thread_blocked, id=13000, stack(0x00007f46d8e58000,0x00007f46d8f59000)]
  0x00007f46f0135000 JavaThread "pool-2-thread-3" [_thread_blocked, id=12999, stack(0x00007f46d8f59000,0x00007f46d905a000)]
  0x00007f46f0134000 JavaThread "pool-2-thread-2" [_thread_blocked, id=12998, stack(0x00007f46d905a000,0x00007f46d915b000)]
  0x00007f46f0130800 JavaThread "pool-3-thread-1" [_thread_blocked, id=12997, stack(0x00007f46d915b000,0x00007f46d925c000)]
  0x00007f46f012f800 JavaThread "pool-2-thread-1" [_thread_blocked, id=12996, stack(0x00007f46d925c000,0x00007f46d935d000)]
  0x00007f46f00be000 JavaThread "Service Thread" daemon [_thread_blocked, id=12953, stack(0x00007f46d945e000,0x00007f46d955f000)]
  0x00007f46f00bb800 JavaThread "C1 CompilerThread2" daemon [_thread_blocked, id=12952, stack(0x00007f46d955f000,0x00007f46d9660000)]
  0x00007f46f00b9800 JavaThread "C2 CompilerThread1" daemon [_thread_blocked, id=12951, stack(0x00007f46d9660000,0x00007f46d9761000)]
  0x00007f46f00b6800 JavaThread "C2 CompilerThread0" daemon [_thread_blocked, id=12950, stack(0x00007f46d9761000,0x00007f46d9862000)]
  0x00007f46f00b5000 JavaThread "Signal Dispatcher" daemon [_thread_blocked, id=12949, stack(0x00007f46d9862000,0x00007f46d9963000)]
  0x00007f46f0082800 JavaThread "Finalizer" daemon [_thread_blocked, id=12947, stack(0x00007f46d9afb000,0x00007f46d9bfc000)]
  0x00007f46f007d800 JavaThread "Reference Handler" daemon [_thread_blocked, id=12946, stack(0x00007f46d9bfc000,0x00007f46d9cfd000)]
  0x00007f46f0008800 JavaThread "main" [_thread_blocked, id=12940, stack(0x00007f46f7edd000,0x00007f46f7fde000)]

Other Threads:
=>0x00007f46f0076000 VMThread [stack: 0x00007f46d9cfd000,0x00007f46d9dfe000] [id=12945]
  0x00007f46f00c0800 WatcherThread [stack: 0x00007f46d935d000,0x00007f46d945e000] [id=12954]

VM state:at safepoint (normal execution)

VM Mutex/Monitor currently owned by a thread:  ([mutex/lock_event])
[0x00007f46f0006580] Threads_lock - owner thread: 0x00007f46f0076000
[0x00007f46f0006a80] Heap_lock - owner thread: 0x00007f46f0138000

Heap:
 PSYoungGen      total 108544K, used 13792K [0x00000000eab00000, 0x00000000f2400000, 0x0000000100000000)
  eden space 94720K, 0% used [0x00000000eab00000,0x00000000eab00000,0x00000000f0780000)
  from space 13824K, 99% used [0x00000000f0780000,0x00000000f14f8150,0x00000000f1500000)
  to   space 12288K, 0% used [0x00000000f1500000,0x00000000f1500000,0x00000000f2100000)
 ParOldGen       total 62976K, used 28910K [0x00000000c0000000, 0x00000000c3d80000, 0x00000000eab00000)
  object space 62976K, 45% used [0x00000000c0000000,0x00000000c1c3bbf8,0x00000000c3d80000)
 Metaspace       used 6217K, capacity 7088K, committed 7296K, reserved 1056768K
  class space    used 592K, capacity 616K, committed 640K, reserved 1048576K

Card table byte_map: [0x00007f46f4f93000,0x00007f46f5194000] byte_map_base: 0x00007f46f4993000

Marking Bits: (ParMarkBitMap*) 0x00007f46f71e5860
 Begin Bits: [0x00007f46da000000, 0x00007f46db000000)
 End Bits:   [0x00007f46db000000, 0x00007f46dc000000)

Polling page: 0x00007f46f8008000

CodeCache: size=245760Kb used=6602Kb max_used=6602Kb free=239157Kb
 bounds [0x00007f46e1000000, 0x00007f46e1680000, 0x00007f46f0000000]
 total_blobs=1958 nmethods=1691 adapters=182
 compilation: enabled

Compilation events (10 events):
Event: 8,502 Thread 0x00007f46f00bb800 nmethod 2025 0x00007f46e16744d0 code [0x00007f46e1674620, 0x00007f46e1674730]
Event: 8,502 Thread 0x00007f46f00bb800 2026       1       sun.util.calendar.CalendarDate::getSeconds (5 bytes)
Event: 8,502 Thread 0x00007f46f00bb800 nmethod 2026 0x00007f46e1674790 code [0x00007f46e16748e0, 0x00007f46e16749f0]
Event: 8,502 Thread 0x00007f46f00bb800 2027       1       sun.util.calendar.CalendarDate::getMillis (5 bytes)
Event: 8,502 Thread 0x00007f46f00bb800 nmethod 2027 0x00007f46e1674a50 code [0x00007f46e1674ba0, 0x00007f46e1674cb0]
Event: 8,502 Thread 0x00007f46f00bb800 2028       2       sun.util.calendar.ZoneInfo::getOffsets (276 bytes)
Event: 8,503 Thread 0x00007f46f00bb800 nmethod 2028 0x00007f46e1674d10 code [0x00007f46e1674f00, 0x00007f46e1675668]
Event: 8,503 Thread 0x00007f46f00bb800 2029       2       sun.util.calendar.Gregorian$Date::setNormalizedYear (7 bytes)
Event: 8,503 Thread 0x00007f46f00bb800 nmethod 2029 0x00007f46e1675d90 code [0x00007f46e1675ee0, 0x00007f46e1676030]
Event: 8,503 Thread 0x00007f46f00bb800 2030       2       sun.util.calendar.CalendarDate::setYear (20 bytes)

GC Heap History (10 events):
Event: 3,337 GC heap after
Heap after GC invocations=2 (full 0):
 PSYoungGen      total 27648K, used 3564K [0x00000000eab00000, 0x00000000ee100000, 0x0000000100000000)
  eden space 24064K, 0% used [0x00000000eab00000,0x00000000eab00000,0x00000000ec280000)
  from space 3584K, 99% used [0x00000000ec600000,0x00000000ec97b270,0x00000000ec980000)
  to   space 3584K, 0% used [0x00000000ec280000,0x00000000ec280000,0x00000000ec600000)
 ParOldGen       total 62976K, used 2376K [0x00000000c0000000, 0x00000000c3d80000, 0x00000000eab00000)
  object space 62976K, 3% used [0x00000000c0000000,0x00000000c0252200,0x00000000c3d80000)
 Metaspace       used 5791K, capacity 6832K, committed 7040K, reserved 1056768K
  class space    used 571K, capacity 616K, committed 640K, reserved 1048576K
}
Event: 4,081 GC heap before
{Heap before GC invocations=3 (full 0):
 PSYoungGen      total 27648K, used 27628K [0x00000000eab00000, 0x00000000ee100000, 0x0000000100000000)
  eden space 24064K, 100% used [0x00000000eab00000,0x00000000ec280000,0x00000000ec280000)
  from space 3584K, 99% used [0x00000000ec600000,0x00000000ec97b270,0x00000000ec980000)
  to   space 3584K, 0% used [0x00000000ec280000,0x00000000ec280000,0x00000000ec600000)
 ParOldGen       total 62976K, used 2376K [0x00000000c0000000, 0x00000000c3d80000, 0x00000000eab00000)
  object space 62976K, 3% used [0x00000000c0000000,0x00000000c0252200,0x00000000c3d80000)
 Metaspace       used 5821K, capacity 6832K, committed 7040K, reserved 1056768K
  class space    used 571K, capacity 616K, committed 640K, reserved 1048576K
Event: 4,122 GC heap after
Heap after GC invocations=3 (full 0):
 PSYoungGen      total 27648K, used 3576K [0x00000000eab00000, 0x00000000ee100000, 0x0000000100000000)
  eden space 24064K, 0% used [0x00000000eab00000,0x00000000eab00000,0x00000000ec280000)
  from space 3584K, 99% used [0x00000000ec280000,0x00000000ec5fe1d0,0x00000000ec600000)
  to   space 3584K, 0% used [0x00000000edd80000,0x00000000edd80000,0x00000000ee100000)
 ParOldGen       total 62976K, used 6503K [0x00000000c0000000, 0x00000000c3d80000, 0x00000000eab00000)
  object space 62976K, 10% used [0x00000000c0000000,0x00000000c0659f28,0x00000000c3d80000)
 Metaspace       used 5821K, capacity 6832K, committed 7040K, reserved 1056768K
  class space    used 571K, capacity 616K, committed 640K, reserved 1048576K
}
Event: 4,759 GC heap before
{Heap before GC invocations=4 (full 0):
 PSYoungGen      total 27648K, used 27640K [0x00000000eab00000, 0x00000000ee100000, 0x0000000100000000)
  eden space 24064K, 100% used [0x00000000eab00000,0x00000000ec280000,0x00000000ec280000)
  from space 3584K, 99% used [0x00000000ec280000,0x00000000ec5fe1d0,0x00000000ec600000)
  to   space 3584K, 0% used [0x00000000edd80000,0x00000000edd80000,0x00000000ee100000)
 ParOldGen       total 62976K, used 6503K [0x00000000c0000000, 0x00000000c3d80000, 0x00000000eab00000)
  object space 62976K, 10% used [0x00000000c0000000,0x00000000c0659f28,0x00000000c3d80000)
 Metaspace       used 5870K, capacity 6896K, committed 7040K, reserved 1056768K
  class space    used 571K, capacity 616K, committed 640K, reserved 1048576K
Event: 4,815 GC heap after
Heap after GC invocations=4 (full 0):
 PSYoungGen      total 51712K, used 3564K [0x00000000eab00000, 0x00000000ee100000, 0x0000000100000000)
  eden space 48128K, 0% used [0x00000000eab00000,0x00000000eab00000,0x00000000eda00000)
  from space 3584K, 99% used [0x00000000edd80000,0x00000000ee0fb1e8,0x00000000ee100000)
  to   space 3584K, 0% used [0x00000000eda00000,0x00000000eda00000,0x00000000edd80000)
 ParOldGen       total 62976K, used 9946K [0x00000000c0000000, 0x00000000c3d80000, 0x00000000eab00000)
  object space 62976K, 15% used [0x00000000c0000000,0x00000000c09b6a50,0x00000000c3d80000)
 Metaspace       used 5870K, capacity 6896K, committed 7040K, reserved 1056768K
  class space    used 571K, capacity 616K, committed 640K, reserved 1048576K
}
Event: 5,667 GC heap before
{Heap before GC invocations=5 (full 0):
 PSYoungGen      total 51712K, used 51692K [0x00000000eab00000, 0x00000000ee100000, 0x0000000100000000)
  eden space 48128K, 100% used [0x00000000eab00000,0x00000000eda00000,0x00000000eda00000)
  from space 3584K, 99% used [0x00000000edd80000,0x00000000ee0fb1e8,0x00000000ee100000)
  to   space 3584K, 0% used [0x00000000eda00000,0x00000000eda00000,0x00000000edd80000)
 ParOldGen       total 62976K, used 9946K [0x00000000c0000000, 0x00000000c3d80000, 0x00000000eab00000)
  object space 62976K, 15% used [0x00000000c0000000,0x00000000c09b6a50,0x00000000c3d80000)
 Metaspace       used 5891K, capacity 6896K, committed 7040K, reserved 1056768K
  class space    used 571K, capacity 616K, committed 640K, reserved 1048576K
Event: 5,747 GC heap after
Heap after GC invocations=5 (full 0):
 PSYoungGen      total 51712K, used 3557K [0x00000000eab00000, 0x00000000f2100000, 0x0000000100000000)
  eden space 48128K, 0% used [0x00000000eab00000,0x00000000eab00000,0x00000000eda00000)
  from space 3584K, 99% used [0x00000000eda00000,0x00000000edd79498,0x00000000edd80000)
  to   space 12288K, 0% used [0x00000000f1500000,0x00000000f1500000,0x00000000f2100000)
 ParOldGen       total 62976K, used 17435K [0x00000000c0000000, 0x00000000c3d80000, 0x00000000eab00000)
  object space 62976K, 27% used [0x00000000c0000000,0x00000000c1106ff0,0x00000000c3d80000)
 Metaspace       used 5891K, capacity 6896K, committed 7040K, reserved 1056768K
  class space    used 571K, capacity 616K, committed 640K, reserved 1048576K
}
Event: 6,537 GC heap before
{Heap before GC invocations=6 (full 0):
 PSYoungGen      total 51712K, used 51685K [0x00000000eab00000, 0x00000000f2100000, 0x0000000100000000)
  eden space 48128K, 100% used [0x00000000eab00000,0x00000000eda00000,0x00000000eda00000)
  from space 3584K, 99% used [0x00000000eda00000,0x00000000edd79498,0x00000000edd80000)
  to   space 12288K, 0% used [0x00000000f1500000,0x00000000f1500000,0x00000000f2100000)
 ParOldGen       total 62976K, used 17435K [0x00000000c0000000, 0x00000000c3d80000, 0x00000000eab00000)
  object space 62976K, 27% used [0x00000000c0000000,0x00000000c1106ff0,0x00000000c3d80000)
 Metaspace       used 5946K, capacity 6960K, committed 7040K, reserved 1056768K
  class space    used 574K, capacity 616K, committed 640K, reserved 1048576K
Event: 6,656 GC heap after
Heap after GC invocations=6 (full 0):
 PSYoungGen      total 107008K, used 11227K [0x00000000eab00000, 0x00000000f2400000, 0x0000000100000000)
  eden space 94720K, 0% used [0x00000000eab00000,0x00000000eab00000,0x00000000f0780000)
  from space 12288K, 91% used [0x00000000f1500000,0x00000000f1ff6f78,0x00000000f2100000)
  to   space 13824K, 0% used [0x00000000f0780000,0x00000000f0780000,0x00000000f1500000)
 ParOldGen       total 62976K, used 17435K [0x00000000c0000000, 0x00000000c3d80000, 0x00000000eab00000)
  object space 62976K, 27% used [0x00000000c0000000,0x00000000c1106ff0,0x00000000c3d80000)
 Metaspace       used 5946K, capacity 6960K, committed 7040K, reserved 1056768K
  class space    used 574K, capacity 616K, committed 640K, reserved 1048576K
}
Event: 8,540 GC heap before
{Heap before GC invocations=7 (full 0):
 PSYoungGen      total 107008K, used 105947K [0x00000000eab00000, 0x00000000f2400000, 0x0000000100000000)
  eden space 94720K, 100% used [0x00000000eab00000,0x00000000f0780000,0x00000000f0780000)
  from space 12288K, 91% used [0x00000000f1500000,0x00000000f1ff6f78,0x00000000f2100000)
  to   space 13824K, 0% used [0x00000000f0780000,0x00000000f0780000,0x00000000f1500000)
 ParOldGen       total 62976K, used 17435K [0x00000000c0000000, 0x00000000c3d80000, 0x00000000eab00000)
  object space 62976K, 27% used [0x00000000c0000000,0x00000000c1106ff0,0x00000000c3d80000)
 Metaspace       used 6217K, capacity 7088K, committed 7296K, reserved 1056768K
  class space    used 592K, capacity 616K, committed 640K, reserved 1048576K

Deoptimization events (10 events):
Event: 5,748 Thread 0x00007f46f0134000 Uncommon trap: reason=unstable_if action=reinterpret pc=0x00007f46e14cc924 method=java.util.HashMap.putVal(ILjava/lang/Object;Ljava/lang/Object;ZZ)Ljava/lang/Object; @ 94
Event: 5,916 Thread 0x00007f46f0134000 Uncommon trap: reason=unstable_if action=reinterpret pc=0x00007f46e131ccfc method=com.android.dx.ssa.SsaMethod.updateOneDefinition(Lcom/android/dx/ssa/SsaInsn;Lcom/android/dx/rop/code/RegisterSpec;)V @ 4
Event: 6,511 Thread 0x00007f46f0134000 Uncommon trap: reason=unstable_if action=reinterpret pc=0x00007f46e140d240 method=com.android.dx.rop.code.RegisterSpec.equals(ILcom/android/dx/rop/type/TypeBearer;Lcom/android/dx/rop/code/LocalItem;)Z @ 42
Event: 6,834 Thread 0x00007f46f0138000 Uncommon trap: reason=unstable_if action=reinterpret pc=0x00007f46e14e07c4 method=com.android.dx.ssa.SsaRenamer$BlockRenamer.visitMoveInsn(Lcom/android/dx/ssa/NormalSsaInsn;)V @ 104
Event: 7,016 Thread 0x00007f46f0134000 Uncommon trap: reason=unstable_if action=reinterpret pc=0x00007f46e140a6e0 method=com.android.dx.util.LabeledList.set(ILcom/android/dx/util/LabeledItem;)V @ 16
Event: 7,576 Thread 0x00007f46f0134000 Uncommon trap: reason=unstable_if action=reinterpret pc=0x00007f46e15aedac method=java.util.HashMap.getNode(ILjava/lang/Object;)Ljava/util/HashMap$Node; @ 84
Event: 8,071 Thread 0x00007f46f012f800 Uncommon trap: reason=bimorphic action=maybe_recompile pc=0x00007f46e160e940 method=com.android.dx.cf.code.BytecodeArray.parseInstruction(ILcom/android/dx/cf/code/BytecodeArray$Visitor;)I @ 2281
Event: 8,071 Thread 0x00007f46f012f800 Uncommon trap: reason=bimorphic action=maybe_recompile pc=0x00007f46e160e940 method=com.android.dx.cf.code.BytecodeArray.parseInstruction(ILcom/android/dx/cf/code/BytecodeArray$Visitor;)I @ 2281
Event: 8,515 Thread 0x00007f46f0135000 Uncommon trap: reason=bimorphic action=maybe_recompile pc=0x00007f46e160f6cc method=com.android.dx.cf.code.BytecodeArray.parseInstruction(ILcom/android/dx/cf/code/BytecodeArray$Visitor;)I @ 2484
Event: 8,516 Thread 0x00007f46f0135000 Uncommon trap: reason=bimorphic action=maybe_recompile pc=0x00007f46e160f6cc method=com.android.dx.cf.code.BytecodeArray.parseInstruction(ILcom/android/dx/cf/code/BytecodeArray$Visitor;)I @ 2484

Internal exceptions (7 events):
Event: 0,182 Thread 0x00007f46f0008800 Exception <a 'java/lang/NoSuchMethodError': Method sun.misc.Unsafe.defineClass(Ljava/lang/String;[BII)Ljava/lang/Class; name or signature does not match> (0x00000000eab07c78) thrown at [/build/java8-openjdk/src/jdk8u-jdk8u102-b14/hotspot/src/share/vm/prim
Event: 0,182 Thread 0x00007f46f0008800 Exception <a 'java/lang/NoSuchMethodError': Method sun.misc.Unsafe.prefetchRead(Ljava/lang/Object;J)V name or signature does not match> (0x00000000eab07f60) thrown at [/build/java8-openjdk/src/jdk8u-jdk8u102-b14/hotspot/src/share/vm/prims/jni.cpp, line 40
Event: 3,084 Thread 0x00007f46f0008800 Implicit null exception at 0x00007f46e12e04e2 to 0x00007f46e12e05e5
Event: 3,179 Thread 0x00007f46f0008800 Implicit null exception at 0x00007f46e12d020f to 0x00007f46e12d272d
Event: 7,574 Thread 0x00007f46f0134000 Exception <a 'java/lang/ArrayIndexOutOfBoundsException': 18> (0x00000000ed99f878) thrown at [/build/java8-openjdk/src/jdk8u-jdk8u102-b14/hotspot/src/share/vm/interpreter/interpreterRuntime.cpp, line 366]
Event: 7,575 Thread 0x00007f46f0134000 Exception <a 'java/lang/ArrayIndexOutOfBoundsException': 145> (0x00000000ed9a13f8) thrown at [/build/java8-openjdk/src/jdk8u-jdk8u102-b14/hotspot/src/share/vm/interpreter/interpreterRuntime.cpp, line 366]
Event: 7,575 Thread 0x00007f46f0134000 Exception <a 'java/lang/ArrayIndexOutOfBoundsException': 40> (0x00000000ed9a26e0) thrown at [/build/java8-openjdk/src/jdk8u-jdk8u102-b14/hotspot/src/share/vm/interpreter/interpreterRuntime.cpp, line 366]

Events (10 events):
Event: 8,128 Thread 0x00007f46f0008800 DEOPT UNPACKING pc=0x00007f46e1047373 sp=0x00007f46f7fdb408 mode 0
Event: 8,396 Thread 0x00007f46f0138000 DEOPT PACKING pc=0x00007f46e13910ec sp=0x00007f46d8f57110
Event: 8,396 Thread 0x00007f46f0138000 DEOPT UNPACKING pc=0x00007f46e1047373 sp=0x00007f46d8f56e10 mode 0
Event: 8,515 Thread 0x00007f46f0135000 Uncommon trap: trap_request=0xffffffc6 fr.pc=0x00007f46e160f6cc
Event: 8,515 Thread 0x00007f46f0135000 DEOPT PACKING pc=0x00007f46e160f6cc sp=0x00007f46d9057f80
Event: 8,515 Thread 0x00007f46f0135000 DEOPT UNPACKING pc=0x00007f46e1004f69 sp=0x00007f46d9057f28 mode 2
Event: 8,516 Thread 0x00007f46f0135000 Uncommon trap: trap_request=0xffffffc6 fr.pc=0x00007f46e160f6cc
Event: 8,516 Thread 0x00007f46f0135000 DEOPT PACKING pc=0x00007f46e160f6cc sp=0x00007f46d9057dd0
Event: 8,516 Thread 0x00007f46f0135000 DEOPT UNPACKING pc=0x00007f46e1004f69 sp=0x00007f46d9057d78 mode 2
Event: 8,526 Executing VM operation: ParallelGCFailedAllocation


Dynamic libraries:
00400000-00401000 r-xp 00000000 08:07 1721003                            /usr/lib/jvm/java-8-openjdk/jre/bin/java
00600000-00601000 rw-p 00000000 08:07 1721003                            /usr/lib/jvm/java-8-openjdk/jre/bin/java
018ca000-018eb000 rw-p 00000000 00:00 0                                  [heap]
c0000000-c3d80000 rw-p 00000000 00:00 0 
c3d80000-eab00000 ---p 00000000 00:00 0 
eab00000-f2400000 rw-p 00000000 00:00 0 
f8e00000-100000000 ---p 00000000 00:00 0 
100000000-1000a0000 rw-p 00000000 00:00 0 
1000a0000-140000000 ---p 00000000 00:00 0 
7f4694000000-7f4694025000 rw-p 00000000 00:00 0 
7f4694025000-7f4698000000 ---p 00000000 00:00 0 
7f4698000000-7f469802f000 rw-p 00000000 00:00 0 
7f469802f000-7f469c000000 ---p 00000000 00:00 0 
7f469c000000-7f469c021000 rw-p 00000000 00:00 0 
7f469c021000-7f46a0000000 ---p 00000000 00:00 0 
7f46a0000000-7f46a0021000 rw-p 00000000 00:00 0 
7f46a0021000-7f46a4000000 ---p 00000000 00:00 0 
7f46a4000000-7f46a4021000 rw-p 00000000 00:00 0 
7f46a4021000-7f46a8000000 ---p 00000000 00:00 0 
7f46a8000000-7f46a8031000 rw-p 00000000 00:00 0 
7f46a8031000-7f46ac000000 ---p 00000000 00:00 0 
7f46ac000000-7f46ac7f5000 rw-p 00000000 00:00 0 
7f46ac7f5000-7f46b0000000 ---p 00000000 00:00 0 
7f46b0000000-7f46b0021000 rw-p 00000000 00:00 0 
7f46b0021000-7f46b4000000 ---p 00000000 00:00 0 
7f46b4000000-7f46b4868000 rw-p 00000000 00:00 0 
7f46b4868000-7f46b8000000 ---p 00000000 00:00 0 
7f46b8000000-7f46b88b7000 rw-p 00000000 00:00 0 
7f46b88b7000-7f46bc000000 ---p 00000000 00:00 0 
7f46bc000000-7f46bc021000 rw-p 00000000 00:00 0 
7f46bc021000-7f46c0000000 ---p 00000000 00:00 0 
7f46c0000000-7f46c0021000 rw-p 00000000 00:00 0 
7f46c0021000-7f46c4000000 ---p 00000000 00:00 0 
7f46c4000000-7f46c4021000 rw-p 00000000 00:00 0 
7f46c4021000-7f46c8000000 ---p 00000000 00:00 0 
7f46c8000000-7f46c8021000 rw-p 00000000 00:00 0 
7f46c8021000-7f46cc000000 ---p 00000000 00:00 0 
7f46cc000000-7f46cc021000 rw-p 00000000 00:00 0 
7f46cc021000-7f46d0000000 ---p 00000000 00:00 0 
7f46d0000000-7f46d0021000 rw-p 00000000 00:00 0 
7f46d0021000-7f46d4000000 ---p 00000000 00:00 0 
7f46d4000000-7f46d4021000 rw-p 00000000 00:00 0 
7f46d4021000-7f46d8000000 ---p 00000000 00:00 0 
7f46d8e58000-7f46d8e5b000 ---p 00000000 00:00 0 
7f46d8e5b000-7f46d8f59000 rw-p 00000000 00:00 0 
7f46d8f59000-7f46d8f5c000 ---p 00000000 00:00 0 
7f46d8f5c000-7f46d905a000 rw-p 00000000 00:00 0 
7f46d905a000-7f46d905d000 ---p 00000000 00:00 0 
7f46d905d000-7f46d915b000 rw-p 00000000 00:00 0 
7f46d915b000-7f46d915e000 ---p 00000000 00:00 0 
7f46d915e000-7f46d925c000 rw-p 00000000 00:00 0 
7f46d925c000-7f46d925f000 ---p 00000000 00:00 0 
7f46d925f000-7f46d935d000 rw-p 00000000 00:00 0 
7f46d935d000-7f46d935e000 ---p 00000000 00:00 0 
7f46d935e000-7f46d945e000 rw-p 00000000 00:00 0 
7f46d945e000-7f46d9461000 ---p 00000000 00:00 0 
7f46d9461000-7f46d955f000 rw-p 00000000 00:00 0 
7f46d955f000-7f46d9562000 ---p 00000000 00:00 0 
7f46d9562000-7f46d9660000 rw-p 00000000 00:00 0 
7f46d9660000-7f46d9663000 ---p 00000000 00:00 0 
7f46d9663000-7f46d9761000 rw-p 00000000 00:00 0 
7f46d9761000-7f46d9764000 ---p 00000000 00:00 0 
7f46d9764000-7f46d9862000 rw-p 00000000 00:00 0 
7f46d9862000-7f46d9865000 ---p 00000000 00:00 0 
7f46d9865000-7f46d9963000 rw-p 00000000 00:00 0 
7f46d9963000-7f46d9afb000 r--p 00000000 08:07 1611235                    /usr/lib/locale/locale-archive
7f46d9afb000-7f46d9afe000 ---p 00000000 00:00 0 
7f46d9afe000-7f46d9bfc000 rw-p 00000000 00:00 0 
7f46d9bfc000-7f46d9bff000 ---p 00000000 00:00 0 
7f46d9bff000-7f46d9cfd000 rw-p 00000000 00:00 0 
7f46d9cfd000-7f46d9cfe000 ---p 00000000 00:00 0 
7f46d9cfe000-7f46dc000000 rw-p 00000000 00:00 0 
7f46dc000000-7f46dc021000 rw-p 00000000 00:00 0 
7f46dc021000-7f46e0000000 ---p 00000000 00:00 0 
7f46e0018000-7f46e002b000 r--s 000d2000 08:07 1061047                    /home/mihail/AndroidStudioProjects/Showtime2/app/build/intermediates/exploded-aar/com.android.support/leanback-v17/24.1.0/jars/classes.jar
7f46e002b000-7f46e0dbc000 rw-p 00000000 00:00 0 
7f46e0dbc000-7f46e0f8a000 r--s 03bf0000 08:07 1720911                    /usr/lib/jvm/java-8-openjdk/jre/lib/rt.jar
7f46e0f8a000-7f46e1000000 rw-p 00000000 00:00 0 
7f46e1000000-7f46e1680000 rwxp 00000000 00:00 0 
7f46e1680000-7f46f0000000 ---p 00000000 00:00 0 
7f46f0000000-7f46f0196000 rw-p 00000000 00:00 0 
7f46f0196000-7f46f4000000 ---p 00000000 00:00 0 
7f46f400a000-7f46f4018000 r--s 000e0000 08:07 268535                     /home/mihail/Android/Sdk/build-tools/24.0.2/lib/dx.jar
7f46f4018000-7f46f46b9000 rw-p 00000000 00:00 0 
7f46f46b9000-7f46f4839000 ---p 00000000 00:00 0 
7f46f4839000-7f46f4a39000 rw-p 00000000 00:00 0 
7f46f4a39000-7f46f4a3a000 ---p 00000000 00:00 0 
7f46f4a3a000-7f46f4b3a000 rw-p 00000000 00:00 0 
7f46f4b3a000-7f46f4b3b000 ---p 00000000 00:00 0 
7f46f4b3b000-7f46f4c3b000 rw-p 00000000 00:00 0 
7f46f4c3b000-7f46f4c3c000 ---p 00000000 00:00 0 
7f46f4c3c000-7f46f4d3c000 rw-p 00000000 00:00 0 
7f46f4d3c000-7f46f4d3d000 ---p 00000000 00:00 0 
7f46f4d3d000-7f46f4e5c000 rw-p 00000000 00:00 0 
7f46f4e5c000-7f46f4f93000 ---p 00000000 00:00 0 
7f46f4f93000-7f46f4fb2000 rw-p 00000000 00:00 0 
7f46f4fb2000-7f46f50e8000 ---p 00000000 00:00 0 
7f46f50e8000-7f46f5125000 rw-p 00000000 00:00 0 
7f46f5125000-7f46f5193000 ---p 00000000 00:00 0 
7f46f5193000-7f46f51ae000 rw-p 00000000 00:00 0 
7f46f51ae000-7f46f5554000 ---p 00000000 00:00 0 
7f46f5554000-7f46f555c000 r-xp 00000000 08:07 1720971                    /usr/lib/jvm/java-8-openjdk/jre/lib/amd64/libzip.so
7f46f555c000-7f46f575b000 ---p 00008000 08:07 1720971                    /usr/lib/jvm/java-8-openjdk/jre/lib/amd64/libzip.so
7f46f575b000-7f46f575c000 rw-p 00007000 08:07 1720971                    /usr/lib/jvm/java-8-openjdk/jre/lib/amd64/libzip.so
7f46f575c000-7f46f5767000 r-xp 00000000 08:07 1576139                    /usr/lib/libnss_files-2.23.so
7f46f5767000-7f46f5966000 ---p 0000b000 08:07 1576139                    /usr/lib/libnss_files-2.23.so
7f46f5966000-7f46f5967000 r--p 0000a000 08:07 1576139                    /usr/lib/libnss_files-2.23.so
7f46f5967000-7f46f5968000 rw-p 0000b000 08:07 1576139                    /usr/lib/libnss_files-2.23.so
7f46f5968000-7f46f596e000 rw-p 00000000 00:00 0 
7f46f596e000-7f46f599a000 r-xp 00000000 08:07 1720970                    /usr/lib/jvm/java-8-openjdk/jre/lib/amd64/libjava.so
7f46f599a000-7f46f5b9a000 ---p 0002c000 08:07 1720970                    /usr/lib/jvm/java-8-openjdk/jre/lib/amd64/libjava.so
7f46f5b9a000-7f46f5b9c000 rw-p 0002c000 08:07 1720970                    /usr/lib/jvm/java-8-openjdk/jre/lib/amd64/libjava.so
7f46f5b9c000-7f46f5ba9000 r-xp 00000000 08:07 1720962                    /usr/lib/jvm/java-8-openjdk/jre/lib/amd64/libverify.so
7f46f5ba9000-7f46f5da8000 ---p 0000d000 08:07 1720962                    /usr/lib/jvm/java-8-openjdk/jre/lib/amd64/libverify.so
7f46f5da8000-7f46f5daa000 rw-p 0000c000 08:07 1720962                    /usr/lib/jvm/java-8-openjdk/jre/lib/amd64/libverify.so
7f46f5daa000-7f46f5db1000 r-xp 00000000 08:07 1576147                    /usr/lib/librt-2.23.so
7f46f5db1000-7f46f5fb0000 ---p 00007000 08:07 1576147                    /usr/lib/librt-2.23.so
7f46f5fb0000-7f46f5fb1000 r--p 00006000 08:07 1576147                    /usr/lib/librt-2.23.so
7f46f5fb1000-7f46f5fb2000 rw-p 00007000 08:07 1576147                    /usr/lib/librt-2.23.so
7f46f5fb2000-7f46f60b5000 r-xp 00000000 08:07 1576144                    /usr/lib/libm-2.23.so
7f46f60b5000-7f46f62b4000 ---p 00103000 08:07 1576144                    /usr/lib/libm-2.23.so
7f46f62b4000-7f46f62b5000 r--p 00102000 08:07 1576144                    /usr/lib/libm-2.23.so
7f46f62b5000-7f46f62b6000 rw-p 00103000 08:07 1576144                    /usr/lib/libm-2.23.so
7f46f62b6000-7f46f6f16000 r-xp 00000000 08:07 1720994                    /usr/lib/jvm/java-8-openjdk/jre/lib/amd64/server/libjvm.so
7f46f6f16000-7f46f7116000 ---p 00c60000 08:07 1720994                    /usr/lib/jvm/java-8-openjdk/jre/lib/amd64/server/libjvm.so
7f46f7116000-7f46f71d2000 rw-p 00c60000 08:07 1720994                    /usr/lib/jvm/java-8-openjdk/jre/lib/amd64/server/libjvm.so
7f46f71d2000-7f46f7202000 rw-p 00000000 00:00 0 
7f46f7202000-7f46f7399000 r-xp 00000000 08:07 1576086                    /usr/lib/libc-2.23.so
7f46f7399000-7f46f7599000 ---p 00197000 08:07 1576086                    /usr/lib/libc-2.23.so
7f46f7599000-7f46f759d000 r--p 00197000 08:07 1576086                    /usr/lib/libc-2.23.so
7f46f759d000-7f46f759f000 rw-p 0019b000 08:07 1576086                    /usr/lib/libc-2.23.so
7f46f759f000-7f46f75a3000 rw-p 00000000 00:00 0 
7f46f75a3000-7f46f75a5000 r-xp 00000000 08:07 1576143                    /usr/lib/libdl-2.23.so
7f46f75a5000-7f46f77a5000 ---p 00002000 08:07 1576143                    /usr/lib/libdl-2.23.so
7f46f77a5000-7f46f77a6000 r--p 00002000 08:07 1576143                    /usr/lib/libdl-2.23.so
7f46f77a6000-7f46f77a7000 rw-p 00003000 08:07 1576143                    /usr/lib/libdl-2.23.so
7f46f77a7000-7f46f77b4000 r-xp 00000000 08:07 1720991                    /usr/lib/jvm/java-8-openjdk/jre/lib/amd64/jli/libjli.so
7f46f77b4000-7f46f79b3000 ---p 0000d000 08:07 1720991                    /usr/lib/jvm/java-8-openjdk/jre/lib/amd64/jli/libjli.so
7f46f79b3000-7f46f79b4000 rw-p 0000c000 08:07 1720991                    /usr/lib/jvm/java-8-openjdk/jre/lib/amd64/jli/libjli.so
7f46f79b4000-7f46f79c9000 r-xp 00000000 08:07 1583081                    /usr/lib/libz.so.1.2.8
7f46f79c9000-7f46f7bc8000 ---p 00015000 08:07 1583081                    /usr/lib/libz.so.1.2.8
7f46f7bc8000-7f46f7bc9000 r--p 00014000 08:07 1583081                    /usr/lib/libz.so.1.2.8
7f46f7bc9000-7f46f7bca000 rw-p 00015000 08:07 1583081                    /usr/lib/libz.so.1.2.8
7f46f7bca000-7f46f7be2000 r-xp 00000000 08:07 1576067                    /usr/lib/libpthread-2.23.so
7f46f7be2000-7f46f7de1000 ---p 00018000 08:07 1576067                    /usr/lib/libpthread-2.23.so
7f46f7de1000-7f46f7de2000 r--p 00017000 08:07 1576067                    /usr/lib/libpthread-2.23.so
7f46f7de2000-7f46f7de3000 rw-p 00018000 08:07 1576067                    /usr/lib/libpthread-2.23.so
7f46f7de3000-7f46f7de7000 rw-p 00000000 00:00 0 
7f46f7de7000-7f46f7e0a000 r-xp 00000000 08:07 1576085                    /usr/lib/ld-2.23.so
7f46f7e0d000-7f46f7edd000 rw-p 00000000 00:00 0 
7f46f7edd000-7f46f7ee0000 ---p 00000000 00:00 0 
7f46f7ee0000-7f46f7fe2000 rw-p 00000000 00:00 0 
7f46f7feb000-7f46f7fff000 rw-p 00000000 00:00 0 
7f46f7fff000-7f46f8007000 rw-s 00000000 00:20 671813                     /tmp/hsperfdata_mihail/12935
7f46f8007000-7f46f8008000 rw-p 00000000 00:00 0 
7f46f8008000-7f46f8009000 ---p 00000000 00:00 0 
7f46f8009000-7f46f800a000 rw-p 00000000 00:00 0 
7f46f800a000-7f46f800b000 r--p 00023000 08:07 1576085                    /usr/lib/ld-2.23.so
7f46f800b000-7f46f800c000 rw-p 00024000 08:07 1576085                    /usr/lib/ld-2.23.so
7f46f800c000-7f46f800d000 rw-p 00000000 00:00 0 
7fffb502c000-7fffb504d000 rw-p 00000000 00:00 0                          [stack]
7fffb5089000-7fffb508c000 r--p 00000000 00:00 0                          [vvar]
7fffb508c000-7fffb508e000 r-xp 00000000 00:00 0                          [vdso]
ffffffffff600000-ffffffffff601000 r-xp 00000000 00:00 0                  [vsyscall]

VM Arguments:
jvm_args: -Djava.awt.headless=true -Xmx1024M -Dfile.encoding=UTF-8 -Duser.country=MK -Duser.language=mk -Duser.variant 
java_command: com.android.dx.command.Main --dex --force-jumbo --num-threads=4 --multi-dex --output /home/mihail/AndroidStudioProjects/Showtime2/app/build/intermediates/transforms/dex/debug/folders/1000/10/com.android.support-leanback-v17-24.1.0_3e16bb2b5a6f4575c35957b8e73cafb7589afd55 /home/mihail/AndroidStudioProjects/Showtime2/app/build/intermediates/exploded-aar/com.android.support/leanback-v17/24.1.0/jars/classes.jar
java_class_path (initial): /home/mihail/Android/Sdk/build-tools/24.0.2/lib/dx.jar
Launcher Type: SUN_STANDARD

Environment Variables:
PATH=/usr/local/sbin:/usr/local/bin:/usr/bin:/usr/lib/jvm/default/bin:/usr/bin/site_perl:/usr/bin/vendor_perl:/usr/bin/core_perl
LD_LIBRARY_PATH=/opt/android-studio/bin:
SHELL=/bin/bash
DISPLAY=:0.0

Signal Handlers:
SIGSEGV: [libjvm.so+0xa64890], sa_mask[0]=11111111011111111101111111111110, sa_flags=SA_RESTART|SA_SIGINFO
SIGBUS: [libjvm.so+0xa64890], sa_mask[0]=11111111011111111101111111111110, sa_flags=SA_RESTART|SA_SIGINFO
SIGFPE: [libjvm.so+0x8afab0], sa_mask[0]=11111111011111111101111111111110, sa_flags=SA_RESTART|SA_SIGINFO
SIGPIPE: [libjvm.so+0x8afab0], sa_mask[0]=11111111011111111101111111111110, sa_flags=SA_RESTART|SA_SIGINFO
SIGXFSZ: [libjvm.so+0x8afab0], sa_mask[0]=11111111011111111101111111111110, sa_flags=SA_RESTART|SA_SIGINFO
SIGILL: [libjvm.so+0x8afab0], sa_mask[0]=11111111011111111101111111111110, sa_flags=SA_RESTART|SA_SIGINFO
SIGUSR1: SIG_DFL, sa_mask[0]=00000000000000000000000000000000, sa_flags=none
SIGUSR2: [libjvm.so+0x8af960], sa_mask[0]=00100000000000000000000000000000, sa_flags=SA_RESTART|SA_SIGINFO
SIGHUP: [libjvm.so+0x8afe10], sa_mask[0]=11111111011111111101111111111110, sa_flags=SA_RESTART|SA_SIGINFO
SIGINT: [libjvm.so+0x8afe10], sa_mask[0]=11111111011111111101111111111110, sa_flags=SA_RESTART|SA_SIGINFO
SIGTERM: [libjvm.so+0x8afe10], sa_mask[0]=11111111011111111101111111111110, sa_flags=SA_RESTART|SA_SIGINFO
SIGQUIT: [libjvm.so+0x8afe10], sa_mask[0]=11111111011111111101111111111110, sa_flags=SA_RESTART|SA_SIGINFO


---------------  S Y S T E M  ---------------

OS:NAME="Antergos Linux"
VERSION="16.6-ISO-Rolling"
ID="antergos"
ID_LIKE="arch"
PRETTY_NAME="Antergos Linux"
CPE_NAME="cpe:/o:antergosproject:antergos:16.6"
ANSI_COLOR="1;34;40"
HOME_URL="https://antergos.com/"
SUPPORT_URL="https://forum.antergos.com/"
BUG_REPORT_URL="https://github.com/antergos"


uname:Linux 4.6.3-1-ARCH #1 SMP PREEMPT Fri Jun 24 21:19:13 CEST 2016 x86_64
libc:glibc 2.23 NPTL 2.23 
rlimit: STACK 8192k, CORE infinity, NPROC 23493, NOFILE 4096, AS infinity
load average:5,45 1,89 1,06

/proc/meminfo:
MemTotal:        6019556 kB
MemFree:          115528 kB
MemAvailable:      44856 kB
Buffers:            2840 kB
Cached:           398084 kB
SwapCached:            0 kB
Active:          5348872 kB
Inactive:         350160 kB
Active(anon):    5310704 kB
Inactive(anon):   317428 kB
Active(file):      38168 kB
Inactive(file):    32732 kB
Unevictable:          32 kB
Mlocked:              32 kB
SwapTotal:             0 kB
SwapFree:              0 kB
Dirty:              8916 kB
Writeback:          2948 kB
AnonPages:       5298684 kB
Mapped:           182800 kB
Shmem:            329668 kB
Slab:              77196 kB
SReclaimable:      40356 kB
SUnreclaim:        36840 kB
KernelStack:       13808 kB
PageTables:        55528 kB
NFS_Unstable:          0 kB
Bounce:                0 kB
WritebackTmp:          0 kB
CommitLimit:     3009776 kB
Committed_AS:   11543764 kB
VmallocTotal:   34359738367 kB
VmallocUsed:           0 kB
VmallocChunk:          0 kB
HardwareCorrupted:     0 kB
AnonHugePages:   2283520 kB
HugePages_Total:       0
HugePages_Free:        0
HugePages_Rsvd:        0
HugePages_Surp:        0
Hugepagesize:       2048 kB
DirectMap4k:      127432 kB
DirectMap2M:     6068224 kB


CPU:total 4 (2 cores per cpu, 2 threads per core) family 6 model 42 stepping 7, cmov, cx8, fxsr, mmx, sse, sse2, sse3, ssse3, sse4.1, sse4.2, popcnt, avx, aes, clmul, ht, tsc, tscinvbit

/proc/cpuinfo:
processor	: 0
vendor_id	: GenuineIntel
cpu family	: 6
model		: 42
model name	: Intel(R) Core(TM) i5-2430M CPU @ 2.40GHz
stepping	: 7
microcode	: 0x1b
cpu MHz		: 2799.937
cache size	: 3072 KB
physical id	: 0
siblings	: 4
core id		: 0
cpu cores	: 2
apicid		: 0
initial apicid	: 0
fpu		: yes
fpu_exception	: yes
cpuid level	: 13
wp		: yes
flags		: fpu vme de pse tsc msr pae mce cx8 apic sep mtrr pge mca cmov pat pse36 clflush dts acpi mmx fxsr sse sse2 ss ht tm pbe syscall nx rdtscp lm constant_tsc arch_perfmon pebs bts rep_good nopl xtopology nonstop_tsc aperfmperf eagerfpu pni pclmulqdq dtes64 monitor ds_cpl vmx est tm2 ssse3 cx16 xtpr pdcm pcid sse4_1 sse4_2 x2apic popcnt tsc_deadline_timer aes xsave avx lahf_lm epb tpr_shadow vnmi flexpriority ept vpid xsaveopt dtherm ida arat pln pts
bugs		:
bogomips	: 4791.08
clflush size	: 64
cache_alignment	: 64
address sizes	: 36 bits physical, 48 bits virtual
power management:

processor	: 1
vendor_id	: GenuineIntel
cpu family	: 6
model		: 42
model name	: Intel(R) Core(TM) i5-2430M CPU @ 2.40GHz
stepping	: 7
microcode	: 0x1b
cpu MHz		: 2799.937
cache size	: 3072 KB
physical id	: 0
siblings	: 4
core id		: 1
cpu cores	: 2
apicid		: 2
initial apicid	: 2
fpu		: yes
fpu_exception	: yes
cpuid level	: 13
wp		: yes
flags		: fpu vme de pse tsc msr pae mce cx8 apic sep mtrr pge mca cmov pat pse36 clflush dts acpi mmx fxsr sse sse2 ss ht tm pbe syscall nx rdtscp lm constant_tsc arch_perfmon pebs bts rep_good nopl xtopology nonstop_tsc aperfmperf eagerfpu pni pclmulqdq dtes64 monitor ds_cpl vmx est tm2 ssse3 cx16 xtpr pdcm pcid sse4_1 sse4_2 x2apic popcnt tsc_deadline_timer aes xsave avx lahf_lm epb tpr_shadow vnmi flexpriority ept vpid xsaveopt dtherm ida arat pln pts
bugs		:
bogomips	: 4792.24
clflush size	: 64
cache_alignment	: 64
address sizes	: 36 bits physical, 48 bits virtual
power management:

processor	: 2
vendor_id	: GenuineIntel
cpu family	: 6
model		: 42
model name	: Intel(R) Core(TM) i5-2430M CPU @ 2.40GHz
stepping	: 7
microcode	: 0x1b
cpu MHz		: 2799.937
cache size	: 3072 KB
physical id	: 0
siblings	: 4
core id		: 0
cpu cores	: 2
apicid		: 1
initial apicid	: 1
fpu		: yes
fpu_exception	: yes
cpuid level	: 13
wp		: yes
flags		: fpu vme de pse tsc msr pae mce cx8 apic sep mtrr pge mca cmov pat pse36 clflush dts acpi mmx fxsr sse sse2 ss ht tm pbe syscall nx rdtscp lm constant_tsc arch_perfmon pebs bts rep_good nopl xtopology nonstop_tsc aperfmperf eagerfpu pni pclmulqdq dtes64 monitor ds_cpl vmx est tm2 ssse3 cx16 xtpr pdcm pcid sse4_1 sse4_2 x2apic popcnt tsc_deadline_timer aes xsave avx lahf_lm epb tpr_shadow vnmi flexpriority ept vpid xsaveopt dtherm ida arat pln pts
bugs		:
bogomips	: 4793.86
clflush size	: 64
cache_alignment	: 64
address sizes	: 36 bits physical, 48 bits virtual
power management:

processor	: 3
vendor_id	: GenuineIntel
cpu family	: 6
model		: 42
model name	: Intel(R) Core(TM) i5-2430M CPU @ 2.40GHz
stepping	: 7
microcode	: 0x1b
cpu MHz		: 2799.937
cache size	: 3072 KB
physical id	: 0
siblings	: 4
core id		: 1
cpu cores	: 2
apicid		: 3
initial apicid	: 3
fpu		: yes
fpu_exception	: yes
cpuid level	: 13
wp		: yes
flags		: fpu vme de pse tsc msr pae mce cx8 apic sep mtrr pge mca cmov pat pse36 clflush dts acpi mmx fxsr sse sse2 ss ht tm pbe syscall nx rdtscp lm constant_tsc arch_perfmon pebs bts rep_good nopl xtopology nonstop_tsc aperfmperf eagerfpu pni pclmulqdq dtes64 monitor ds_cpl vmx est tm2 ssse3 cx16 xtpr pdcm pcid sse4_1 sse4_2 x2apic popcnt tsc_deadline_timer aes xsave avx lahf_lm epb tpr_shadow vnmi flexpriority ept vpid xsaveopt dtherm ida arat pln pts
bugs		:
bogomips	: 4792.47
clflush size	: 64
cache_alignment	: 64
address sizes	: 36 bits physical, 48 bits virtual
power management:



Memory: 4k page, physical 6019556k(115528k free), swap 0k(0k free)

vm_info: OpenJDK 64-Bit Server VM (25.102-b14) for linux-amd64 JRE (1.8.0_102-b14), built on Jul 27 2016 07:46:42 by "builduser" with gcc 6.1.1 20160707

time: Sun Sep 11 21:42:35 2016
elapsed time: 8 seconds (0d 0h 0m 8s)

