#
# There is insufficient memory for the Java Runtime Environment to continue.
# Native memory allocation (mmap) failed to map 82313216 bytes for committing reserved memory.
# Possible reasons:
#   The system is out of physical RAM or swap space
#   In 32 bit mode, the process size limit was hit
# Possible solutions:
#   Reduce memory load on the system
#   Increase physical memory or swap space
#   Check if swap backing store is full
#   Use 64 bit Java on a 64 bit OS
#   Decrease Java heap size (-Xmx/-Xms)
#   Decrease number of Java threads
#   Decrease Java thread stack sizes (-Xss)
#   Set larger code cache with -XX:ReservedCodeCacheSize=
# This output file may be truncated or incomplete.
#
#  Out of Memory Error (os_linux.cpp:2627), pid=14168, tid=0x00007f8c985b6700
#
# JRE version: OpenJDK Runtime Environment (8.0_112-b15) (build 1.8.0_112-b15)
# Java VM: OpenJDK 64-Bit Server VM (25.112-b15 mixed mode linux-amd64 compressed oops)
# Core dump written. Default location: /home/mihail/AndroidStudioProjects/Showtime2/app/core or core.14168
#

---------------  T H R E A D  ---------------

Current thread (0x00007f8c9407e000):  VMThread [stack: 0x00007f8c984b6000,0x00007f8c985b7000] [id=14179]

Stack: [0x00007f8c984b6000,0x00007f8c985b7000],  sp=0x00007f8c985b5530,  free space=1021k
Native frames: (J=compiled Java code, j=interpreted, Vv=VM code, C=native code)
V  [libjvm.so+0xa2cb3b]
V  [libjvm.so+0x4b2057]
V  [libjvm.so+0x885d40]
V  [libjvm.so+0x880a7f]
V  [libjvm.so+0x8f84fe]
V  [libjvm.so+0x8e816b]
V  [libjvm.so+0x8e833b]
V  [libjvm.so+0x8e8c86]
V  [libjvm.so+0x8eebde]
V  [libjvm.so+0x8eef7e]
V  [libjvm.so+0x4374f3]
V  [libjvm.so+0xa2ded1]
V  [libjvm.so+0xa334a7]
V  [libjvm.so+0xa30e17]
V  [libjvm.so+0xa3211e]
V  [libjvm.so+0xa32612]
V  [libjvm.so+0x883612]

VM_Operation (0x00007f8c9df9d9c0): CollectForMetadataAllocation, mode: safepoint, requested by thread 0x00007f8c94010800


---------------  P R O C E S S  ---------------

Java Threads: ( => current thread )
  0x00007f8c95760000 JavaThread "pool-26-thread-1" [_thread_blocked, id=14272, stack(0x00007f8c27bfe000,0x00007f8c27cff000)]
  0x00007f8c95632000 JavaThread "android.bg" [_thread_blocked, id=14266, stack(0x00007f8c27cff000,0x00007f8c27e00000)]
  0x00007f8c954fc000 JavaThread "Picasso-refQueue" daemon [_thread_blocked, id=14255, stack(0x00007f8c27afd000,0x00007f8c27bfe000)]
  0x00007f8c30005800 JavaThread "Okio Watchdog" daemon [_thread_blocked, id=14251, stack(0x00007f8c448e8000,0x00007f8c449e9000)]
  0x00007f8c28002000 JavaThread "OkHttp ConnectionPool" daemon [_thread_blocked, id=14248, stack(0x00007f8c440e4000,0x00007f8c441e5000)]
  0x00007f8c9548a800 JavaThread "OkHttp Dispatcher" [_thread_blocked, id=14247, stack(0x00007f8c441e5000,0x00007f8c442e6000)]
  0x00007f8c95489000 JavaThread "OkHttp Dispatcher" [_thread_blocked, id=14244, stack(0x00007f8c442e6000,0x00007f8c443e7000)]
  0x00007f8c95488000 JavaThread "OkHttp Dispatcher" [_thread_blocked, id=14242, stack(0x00007f8c447e7000,0x00007f8c448e8000)]
  0x00007f8c94e20000 JavaThread "Java2D Disposer" daemon [_thread_blocked, id=14213, stack(0x00007f8c476ff000,0x00007f8c47800000)]
  0x00007f8c940ea800 JavaThread "Monitor Ctrl-Break" daemon [_thread_in_native, id=14190, stack(0x00007f8c81a08000,0x00007f8c81b09000)]
  0x00007f8c940c6000 JavaThread "Service Thread" daemon [_thread_blocked, id=14187, stack(0x00007f8c81e0c000,0x00007f8c81f0d000)]
  0x00007f8c940c3800 JavaThread "C1 CompilerThread2" daemon [_thread_blocked, id=14186, stack(0x00007f8c81f0d000,0x00007f8c8200e000)]
  0x00007f8c940c1800 JavaThread "C2 CompilerThread1" daemon [_thread_blocked, id=14185, stack(0x00007f8c8200e000,0x00007f8c8210f000)]
  0x00007f8c940be800 JavaThread "C2 CompilerThread0" daemon [_thread_blocked, id=14184, stack(0x00007f8c8210f000,0x00007f8c82210000)]
  0x00007f8c940bd000 JavaThread "Signal Dispatcher" daemon [_thread_blocked, id=14183, stack(0x00007f8c9801b000,0x00007f8c9811c000)]
  0x00007f8c9408a800 JavaThread "Finalizer" daemon [_thread_blocked, id=14181, stack(0x00007f8c982b4000,0x00007f8c983b5000)]
  0x00007f8c94085800 JavaThread "Reference Handler" daemon [_thread_blocked, id=14180, stack(0x00007f8c983b5000,0x00007f8c984b6000)]
  0x00007f8c94010800 JavaThread "main" [_thread_blocked, id=14171, stack(0x00007f8c9dea5000,0x00007f8c9dfa6000)]

Other Threads:
=>0x00007f8c9407e000 VMThread [stack: 0x00007f8c984b6000,0x00007f8c985b7000] [id=14179]
  0x00007f8c940c8800 WatcherThread [stack: 0x00007f8c81d0b000,0x00007f8c81e0c000] [id=14188]

VM state:at safepoint (normal execution)

VM Mutex/Monitor currently owned by a thread:  ([mutex/lock_event])
[0x00007f8c9400c8d0] ExpandHeap_lock - owner thread: 0x00007f8c9407e000
[0x00007f8c9400cf50] Threads_lock - owner thread: 0x00007f8c9407e000
[0x00007f8c9400d450] Heap_lock - owner thread: 0x00007f8c94010800

Heap:
 PSYoungGen      total 437248K, used 0K [0x00000000e1600000, 0x0000000100000000, 0x0000000100000000)
  eden space 411648K, 0% used [0x00000000e1600000,0x00000000e1600000,0x00000000fa800000)
  from space 25600K, 0% used